[debug] [2026-04-23T01:50:51.336Z] ----------------------------------------------------------------------
[debug] [2026-04-23T01:50:51.338Z] Command:       C:\Program Files\nodejs\node.exe C:\Users\smes\AppData\Roaming\npm\node_modules\firebase-tools\lib\bin\firebase.js deploy --only functions --project teacher-c571b
[debug] [2026-04-23T01:50:51.338Z] CLI Version:   15.1.0
[debug] [2026-04-23T01:50:51.338Z] Platform:      win32
[debug] [2026-04-23T01:50:51.338Z] Node Version:  v24.12.0
[debug] [2026-04-23T01:50:51.338Z] Time:          Thu Apr 23 2026 09:50:51 GMT+0800 (台北標準時間)
[debug] [2026-04-23T01:50:51.339Z] ----------------------------------------------------------------------
[debug] 
[debug] [2026-04-23T01:50:55.296Z] > command requires scopes: ["email","openid","https://www.googleapis.com/auth/cloudplatformprojects.readonly","https://www.googleapis.com/auth/firebase","https://www.googleapis.com/auth/cloud-platform"]
[debug] [2026-04-23T01:50:55.297Z] > authorizing via signed-in user (cagooo@gmail.com)
[debug] [2026-04-23T01:50:55.297Z] [iam] checking project teacher-c571b for permissions ["cloudfunctions.functions.create","cloudfunctions.functions.delete","cloudfunctions.functions.get","cloudfunctions.functions.list","cloudfunctions.functions.update","cloudfunctions.operations.get","firebase.projects.get"]
[debug] [2026-04-23T01:50:55.298Z] Checked if tokens are valid: false, expires at: 1776901649502
[debug] [2026-04-23T01:50:55.298Z] Checked if tokens are valid: false, expires at: 1776901649502
[debug] [2026-04-23T01:50:55.298Z] > refreshing access token with scopes: []
[debug] [2026-04-23T01:50:55.299Z] >>> [apiv2][query] POST https://www.googleapis.com/oauth2/v3/token [none]
[debug] [2026-04-23T01:50:55.299Z] >>> [apiv2][body] POST https://www.googleapis.com/oauth2/v3/token [omitted]
[debug] [2026-04-23T01:50:55.433Z] <<< [apiv2][status] POST https://www.googleapis.com/oauth2/v3/token 200
[debug] [2026-04-23T01:50:55.433Z] <<< [apiv2][body] POST https://www.googleapis.com/oauth2/v3/token [omitted]
[debug] [2026-04-23T01:50:55.451Z] >>> [apiv2][query] POST https://cloudresourcemanager.googleapis.com/v1/projects/teacher-c571b:testIamPermissions [none]
[debug] [2026-04-23T01:50:55.451Z] >>> [apiv2][(partial)header] POST https://cloudresourcemanager.googleapis.com/v1/projects/teacher-c571b:testIamPermissions x-goog-quota-user=projects/teacher-c571b
[debug] [2026-04-23T01:50:55.451Z] >>> [apiv2][body] POST https://cloudresourcemanager.googleapis.com/v1/projects/teacher-c571b:testIamPermissions {"permissions":["cloudfunctions.functions.create","cloudfunctions.functions.delete","cloudfunctions.functions.get","cloudfunctions.functions.list","cloudfunctions.functions.update","cloudfunctions.operations.get","firebase.projects.get"]}
